
> yuanhe.fun@0.0.0 start /home/ubuntu/bchiang7.github.io
> gulp serve

[19:55:02] Using gulpfile ~/bchiang7.github.io/gulpfile.js
[19:55:02] Starting 'jekyll-dev'...
Configuration file: _config.yml
Configuration file: _config_dev.yml
            Source: /home/ubuntu/bchiang7.github.io
       Destination: /home/ubuntu/bchiang7.github.io/_site
 Incremental build: disabled. Enable with --incremental
      Generating... 
                    done in 0.06 seconds.
 Auto-regeneration: disabled. Use --watch to enable.
[19:55:02] Finished 'jekyll-dev' after 446 ms
[19:55:02] Starting 'serve'...
[19:55:02] Finished 'serve' after 53 ms
[Browsersync] Access URLs:
 --------------------------------------
       Local: http://localhost:3000
    External: http://172.31.28.135:3000
 --------------------------------------
          UI: http://localhost:3001
 UI External: http://172.31.28.135:3001
 --------------------------------------
[Browsersync] Serving files from: _site
